<?xml version="1.0" encoding="UTF-8"?>
<testng-results skipped="0" failed="0" ignored="0" total="1" passed="1">
  <reporter-output>
  </reporter-output>
  <suite name="Default suite" duration-ms="5937" started-at="2021-07-11T18:06:14 CST" finished-at="2021-07-11T18:06:20 CST">
    <groups>
    </groups>
    <test name="Default test" duration-ms="5937" started-at="2021-07-11T18:06:14 CST" finished-at="2021-07-11T18:06:20 CST">
      <class name="testng_runner.Validate_Category_Name_Runner">
        <test-method status="PASS" signature="method1()[pri:0, instance:testng_runner.Validate_Category_Name_Runner@1786dec2]" name="method1" duration-ms="5889" started-at="2021-07-11T18:06:14 CST" finished-at="2021-07-11T18:06:20 CST">
          <reporter-output>
          </reporter-output>
        </test-method> <!-- method1 -->
      </class> <!-- testng_runner.Validate_Category_Name_Runner -->
    </test> <!-- Default test -->
  </suite> <!-- Default suite -->
</testng-results>
